<?xml version="1.0" encoding="UTF-8"?>
<testsuite name="PasswordCheckerTest" tests="1" skipped="0" failures="0" errors="0" timestamp="2020-06-18T17:40:50" hostname="LAPTOP-5M0O1IT3" time="10.71">
  <properties/>
  <testcase name="passwordSpecialChar()" classname="PasswordCheckerTest" time="10.71"/>
  <system-out><![CDATA[]]></system-out>
  <system-err><![CDATA[]]></system-err>
</testsuite>
