<?xml version="1.0" encoding="UTF-8"?>
<testsuite name="PasswordCheckerTest" tests="1" skipped="0" failures="0" errors="0" timestamp="2020-03-17T01:28:38" hostname="LAPTOP-5M0O1IT3" time="0.083">
  <properties/>
  <testcase name="passwordIsOk()" classname="PasswordCheckerTest" time="0.083"/>
  <system-out><![CDATA[]]></system-out>
  <system-err><![CDATA[]]></system-err>
</testsuite>
